<?xml version="1.0" encoding="UTF-8"?>
<testng-results skipped="0" failed="0" ignored="0" total="1" passed="1">
  <reporter-output>
  </reporter-output>
  <suite name="Automation Test" duration-ms="15126" started-at="2022-11-29T03:53:48Z" finished-at="2022-11-29T03:54:03Z">
    <groups>
      <group name="cucumber">
        <method signature="AbstractTestNGCucumberTests.runScenario(io.cucumber.testng.PickleWrapper, io.cucumber.testng.FeatureWrapper)[pri:0, instance:com.aarong.runner.runner$Runner@fa4c865]" name="runScenario" class="io.cucumber.testng.AbstractTestNGCucumberTests"/>
      </group> <!-- cucumber -->
    </groups>
    <test name="TestNG Report" duration-ms="15126" started-at="2022-11-29T03:53:48Z" finished-at="2022-11-29T03:54:03Z">
      <class name="com.aarong.runner.runner$Runner">
        <test-method status="PASS" signature="setUpClass(org.testng.ITestContext)[pri:0, instance:com.aarong.runner.runner$Runner@fa4c865]" name="setUpClass" is-config="true" duration-ms="321" started-at="2022-11-29T03:53:48Z" finished-at="2022-11-29T03:53:49Z">
          <params>
            <param index="0">
              <value>
                <![CDATA[org.testng.TestRunner@702b06fb]]>
              </value>
            </param>
          </params>
          <reporter-output>
          </reporter-output>
        </test-method> <!-- setUpClass -->
        <test-method status="PASS" signature="runScenario(io.cucumber.testng.PickleWrapper, io.cucumber.testng.FeatureWrapper)[pri:0, instance:com.aarong.runner.runner$Runner@fa4c865]" name="runScenario" duration-ms="14259" started-at="2022-11-29T03:53:49Z" description="Runs Cucumber Scenarios" data-provider="scenarios" finished-at="2022-11-29T03:54:03Z">
          <params>
            <param index="0">
              <value>
                <![CDATA["Login into aarong with valid credentials"]]>
              </value>
            </param>
            <param index="1">
              <value>
                <![CDATA["aarong Login Functionality"]]>
              </value>
            </param>
          </params>
          <reporter-output>
          </reporter-output>
        </test-method> <!-- runScenario -->
        <test-method status="PASS" signature="tearDownClass()[pri:0, instance:com.aarong.runner.runner$Runner@fa4c865]" name="tearDownClass" is-config="true" duration-ms="517" started-at="2022-11-29T03:54:03Z" finished-at="2022-11-29T03:54:03Z">
          <reporter-output>
          </reporter-output>
        </test-method> <!-- tearDownClass -->
      </class> <!-- com.aarong.runner.runner$Runner -->
    </test> <!-- TestNG Report -->
  </suite> <!-- Automation Test -->
</testng-results>
